*********************************************************************
* LD Score Regression (LDSC)
* Version 1.0.1
* (C) 2014-2019 Brendan Bulik-Sullivan and Hilary Finucane
* Broad Institute of MIT and Harvard / MIT Department of Mathematics
* GNU General Public License v3
*********************************************************************
Call: 
./ldsc.py \
--h2 GWAS_stats/adhd.sumstats.gz \
--ref-ld-chr ldsc/1000G_Phase3_baselineLD_v2.2_ldscores/baselineLD.,ldsc/annot/siwei_dyn_vs_stat_18lines/hg19_GABA_6vs0_bed4_5/hg19_GABA_6vs0_bed4_5.,ldsc/annot/siwei_dyn_vs_stat_18lines/hg19_Glut_all_1vs0_bed4_5/hg19_Glut_all_1vs0_bed4_5.,ldsc/annot/siwei_dyn_vs_stat_18lines/hg19_Glut_all_6vs0_bed4_5/hg19_Glut_all_6vs0_bed4_5.,ldsc/annot/siwei_dyn_vs_stat_18lines/Npglut_static_hg19/Npglut_static_hg19.,ldsc/annot/siwei_dyn_vs_stat_18lines/hg19/hg19.,ldsc/annot/siwei_dyn_vs_stat_18lines/allglu_static_hg19/allglu_static_hg19.,ldsc/annot/siwei_dyn_vs_stat_18lines/hg19_GABA_1vs0_bed4_5/hg19_GABA_1vs0_bed4_5.,ldsc/annot/siwei_dyn_vs_stat_18lines/Nmglut_static_hg19/Nmglut_static_hg19.,ldsc/annot/siwei_dyn_vs_stat_18lines/hg19_NEFM_neg_glut_6vs0_bed4_5/hg19_NEFM_neg_glut_6vs0_bed4_5.,ldsc/annot/siwei_dyn_vs_stat_18lines/hg19_NEFM_pos_glut_6vs0_bed4_5/hg19_NEFM_pos_glut_6vs0_bed4_5.,ldsc/annot/siwei_dyn_vs_stat_18lines/hg19_NEFM_pos_glut_1vs0_bed4_5/hg19_NEFM_pos_glut_1vs0_bed4_5.,ldsc/annot/siwei_dyn_vs_stat_18lines/hg19_NEFM_neg_glut_1vs0_bed4_5/hg19_NEFM_neg_glut_1vs0_bed4_5. \
--out ldsc/siwei_18lines_res/adhd_dyn_vs_stat_joint \
--thin-annot  \
--overlap-annot  \
--frqfile-chr ldsc/1000G_Phase3_frq/1000G.EUR.QC. \
--w-ld-chr ldsc/weights_hm3_no_hla/weights. 

Beginning analysis at Wed Jun  1 08:00:25 2022
Reading summary statistics from GWAS_stats/adhd.sumstats.gz ...
Read summary statistics for 1067415 SNPs.
Reading reference panel LD Score from ldsc/1000G_Phase3_baselineLD_v2.2_ldscores/baselineLD.,ldsc/annot/siwei_dyn_vs_stat_18lines/hg19_GABA_6vs0_bed4_5/hg19_GABA_6vs0_bed4_5.,ldsc/annot/siwei_dyn_vs_stat_18lines/hg19_Glut_all_1vs0_bed4_5/hg19_Glut_all_1vs0_bed4_5.,ldsc/annot/siwei_dyn_vs_stat_18lines/hg19_Glut_all_6vs0_bed4_5/hg19_Glut_all_6vs0_bed4_5.,ldsc/annot/siwei_dyn_vs_stat_18lines/Npglut_static_hg19/Npglut_static_hg19.,ldsc/annot/siwei_dyn_vs_stat_18lines/hg19/hg19.,ldsc/annot/siwei_dyn_vs_stat_18lines/allglu_static_hg19/allglu_static_hg19.,ldsc/annot/siwei_dyn_vs_stat_18lines/hg19_GABA_1vs0_bed4_5/hg19_GABA_1vs0_bed4_5.,ldsc/annot/siwei_dyn_vs_stat_18lines/Nmglut_static_hg19/Nmglut_static_hg19.,ldsc/annot/siwei_dyn_vs_stat_18lines/hg19_NEFM_neg_glut_6vs0_bed4_5/hg19_NEFM_neg_glut_6vs0_bed4_5.,ldsc/annot/siwei_dyn_vs_stat_18lines/hg19_NEFM_pos_glut_6vs0_bed4_5/hg19_NEFM_pos_glut_6vs0_bed4_5.,ldsc/annot/siwei_dyn_vs_stat_18lines/hg19_NEFM_pos_glut_1vs0_bed4_5/hg19_NEFM_pos_glut_1vs0_bed4_5.,ldsc/annot/siwei_dyn_vs_stat_18lines/hg19_NEFM_neg_glut_1vs0_bed4_5/hg19_NEFM_neg_glut_1vs0_bed4_5.[1-22] ... (ldscore_fromlist)
Read reference panel LD Scores for 1190321 SNPs.
Removing partitioned LD Scores with zero variance.
Reading regression weight LD Score from ldsc/weights_hm3_no_hla/weights.[1-22] ... (ldscore_fromlist)
Read regression weight LD Scores for 1242190 SNPs.
After merging with reference panel LD, 1062053 SNPs remain.
After merging with regression SNP LD, 965240 SNPs remain.
Removed 0 SNPs with chi^2 > 80 (965240 SNPs remain)
Total Observed scale h2: 0.5903 (0.0533)
Categories: baseL2_0 Coding_UCSCL2_0 Coding_UCSC.flanking.500L2_0 Conserved_LindbladTohL2_0 Conserved_LindbladToh.flanking.500L2_0 CTCF_HoffmanL2_0 CTCF_Hoffman.flanking.500L2_0 DGF_ENCODEL2_0 DGF_ENCODE.flanking.500L2_0 DHS_peaks_TrynkaL2_0 DHS_TrynkaL2_0 DHS_Trynka.flanking.500L2_0 Enhancer_AnderssonL2_0 Enhancer_Andersson.flanking.500L2_0 Enhancer_HoffmanL2_0 Enhancer_Hoffman.flanking.500L2_0 FetalDHS_TrynkaL2_0 FetalDHS_Trynka.flanking.500L2_0 H3K27ac_HniszL2_0 H3K27ac_Hnisz.flanking.500L2_0 H3K27ac_PGC2L2_0 H3K27ac_PGC2.flanking.500L2_0 H3K4me1_peaks_TrynkaL2_0 H3K4me1_TrynkaL2_0 H3K4me1_Trynka.flanking.500L2_0 H3K4me3_peaks_TrynkaL2_0 H3K4me3_TrynkaL2_0 H3K4me3_Trynka.flanking.500L2_0 H3K9ac_peaks_TrynkaL2_0 H3K9ac_TrynkaL2_0 H3K9ac_Trynka.flanking.500L2_0 Intron_UCSCL2_0 Intron_UCSC.flanking.500L2_0 PromoterFlanking_HoffmanL2_0 PromoterFlanking_Hoffman.flanking.500L2_0 Promoter_UCSCL2_0 Promoter_UCSC.flanking.500L2_0 Repressed_HoffmanL2_0 Repressed_Hoffman.flanking.500L2_0 SuperEnhancer_HniszL2_0 SuperEnhancer_Hnisz.flanking.500L2_0 TFBS_ENCODEL2_0 TFBS_ENCODE.flanking.500L2_0 Transcr_HoffmanL2_0 Transcr_Hoffman.flanking.500L2_0 TSS_HoffmanL2_0 TSS_Hoffman.flanking.500L2_0 UTR_3_UCSCL2_0 UTR_3_UCSC.flanking.500L2_0 UTR_5_UCSCL2_0 UTR_5_UCSC.flanking.500L2_0 WeakEnhancer_HoffmanL2_0 WeakEnhancer_Hoffman.flanking.500L2_0 GERP.NSL2_0 GERP.RSsup4L2_0 MAFbin1L2_0 MAFbin2L2_0 MAFbin3L2_0 MAFbin4L2_0 MAFbin5L2_0 MAFbin6L2_0 MAFbin7L2_0 MAFbin8L2_0 MAFbin9L2_0 MAFbin10L2_0 MAF_Adj_Predicted_Allele_AgeL2_0 MAF_Adj_LLD_AFRL2_0 Recomb_Rate_10kbL2_0 Nucleotide_Diversity_10kbL2_0 Backgrd_Selection_StatL2_0 CpG_Content_50kbL2_0 MAF_Adj_ASMCL2_0 GTEx_eQTL_MaxCPPL2_0 BLUEPRINT_H3K27acQTL_MaxCPPL2_0 BLUEPRINT_H3K4me1QTL_MaxCPPL2_0 BLUEPRINT_DNA_methylation_MaxCPPL2_0 synonymousL2_0 non_synonymousL2_0 Conserved_Vertebrate_phastCons46wayL2_0 Conserved_Vertebrate_phastCons46way.flanking.500L2_0 Conserved_Mammal_phastCons46wayL2_0 Conserved_Mammal_phastCons46way.flanking.500L2_0 Conserved_Primate_phastCons46wayL2_0 Conserved_Primate_phastCons46way.flanking.500L2_0 BivFlnkL2_0 BivFlnk.flanking.500L2_0 Human_Promoter_VillarL2_0 Human_Promoter_Villar.flanking.500L2_0 Human_Enhancer_VillarL2_0 Human_Enhancer_Villar.flanking.500L2_0 Ancient_Sequence_Age_Human_PromoterL2_0 Ancient_Sequence_Age_Human_Promoter.flanking.500L2_0 Ancient_Sequence_Age_Human_EnhancerL2_0 Ancient_Sequence_Age_Human_Enhancer.flanking.500L2_0 Human_Enhancer_Villar_Species_Enhancer_CountL2_0 Human_Promoter_Villar_ExACL2_0 Human_Promoter_Villar_ExAC.flanking.500L2_0 L2_1 L2_2 L2_3 L2_4 L2_5 L2_6 L2_7 L2_8 L2_9 L2_10 L2_11 L2_12
Lambda GC: 1.2531
Mean Chi^2: 1.2958
Intercept: 1.035 (0.0129)
Ratio: 0.1182 (0.0435)
Reading annot matrix from ldsc/1000G_Phase3_baselineLD_v2.2_ldscores/baselineLD.,ldsc/annot/siwei_dyn_vs_stat_18lines/hg19_GABA_6vs0_bed4_5/hg19_GABA_6vs0_bed4_5.,ldsc/annot/siwei_dyn_vs_stat_18lines/hg19_Glut_all_1vs0_bed4_5/hg19_Glut_all_1vs0_bed4_5.,ldsc/annot/siwei_dyn_vs_stat_18lines/hg19_Glut_all_6vs0_bed4_5/hg19_Glut_all_6vs0_bed4_5.,ldsc/annot/siwei_dyn_vs_stat_18lines/Npglut_static_hg19/Npglut_static_hg19.,ldsc/annot/siwei_dyn_vs_stat_18lines/hg19/hg19.,ldsc/annot/siwei_dyn_vs_stat_18lines/allglu_static_hg19/allglu_static_hg19.,ldsc/annot/siwei_dyn_vs_stat_18lines/hg19_GABA_1vs0_bed4_5/hg19_GABA_1vs0_bed4_5.,ldsc/annot/siwei_dyn_vs_stat_18lines/Nmglut_static_hg19/Nmglut_static_hg19.,ldsc/annot/siwei_dyn_vs_stat_18lines/hg19_NEFM_neg_glut_6vs0_bed4_5/hg19_NEFM_neg_glut_6vs0_bed4_5.,ldsc/annot/siwei_dyn_vs_stat_18lines/hg19_NEFM_pos_glut_6vs0_bed4_5/hg19_NEFM_pos_glut_6vs0_bed4_5.,ldsc/annot/siwei_dyn_vs_stat_18lines/hg19_NEFM_pos_glut_1vs0_bed4_5/hg19_NEFM_pos_glut_1vs0_bed4_5.,ldsc/annot/siwei_dyn_vs_stat_18lines/hg19_NEFM_neg_glut_1vs0_bed4_5/hg19_NEFM_neg_glut_1vs0_bed4_5.[1-22] ... (annot)
Results printed to ldsc/siwei_18lines_res/adhd_dyn_vs_stat_joint.results
Analysis finished at Wed Jun  1 08:04:12 2022
Total time elapsed: 3.0m:46.52s
